# JRE version: OpenJDK Runtime Environment Temurin-21.0.3+9 (21.0.3+9) (build 21.0.3+9-LTS)
# Java VM: OpenJDK 64-Bit Server VM Temurin-21.0.3+9 (21.0.3+9-LTS, mixed mode, emulated-client, tiered, compressed oops, compressed class ptrs, g1 gc, windows-amd64)
GC Precious Log:
 CardTable entry size: 512
 Card Set container configuration: InlinePtr #cards 4 size 8 Array Of Cards #cards 16 size 48 Howl #buckets 8 coarsen threshold 3686 Howl Bitmap #cards 512 size 80 coarsen threshold 460 Card regions per heap region 1 cards per card region 4096
 CPUs: 8 total, 8 available
 Memory: 16218M
 Large Page Support: Disabled
 NUMA Support: Disabled
 Compressed Oops: Enabled (Zero based)
 Heap Region Size: 2M
 Heap Min Capacity: 8M
 Heap Initial Capacity: 254M
 Heap Max Capacity: 4056M
 Pre-touch: Disabled
 Parallel Workers: 8
 Concurrent Workers: 2
 Concurrent Refinement Workers: 8
 Periodic GC: Disabled
Heap:
 garbage-first heap   total 120832K, used 61742K [0x0000000702800000, 0x0000000800000000)
  region size 2048K, 2 young (4096K), 2 survivors (4096K)
 Metaspace       used 80991K, committed 81728K, reserved 1179648K
  class space    used 10936K, committed 11264K, reserved 1048576K
GC Heap History (20 events):
Event: 11.230 GC heap after
{Heap after GC invocations=15 (full 0):
 garbage-first heap   total 90112K, used 40949K [0x0000000702800000, 0x0000000800000000)
  region size 2048K, 3 young (6144K), 3 survivors (6144K)
 Metaspace       used 59864K, committed 60480K, reserved 1114112K
  class space    used 7700K, committed 8000K, reserved 1048576K
}
Event: 12.406 GC heap before
{Heap before GC invocations=16 (full 0):
 garbage-first heap   total 90112K, used 77813K [0x0000000702800000, 0x0000000800000000)
  region size 2048K, 21 young (43008K), 3 survivors (6144K)
 Metaspace       used 65651K, committed 66240K, reserved 1114112K
  class space    used 8704K, committed 8960K, reserved 1048576K
}
Event: 12.418 GC heap after
{Heap after GC invocations=17 (full 0):
 garbage-first heap   total 90112K, used 42854K [0x0000000702800000, 0x0000000800000000)
  region size 2048K, 1 young (2048K), 1 survivors (2048K)
 Metaspace       used 65651K, committed 66240K, reserved 1114112K
  class space    used 8704K, committed 8960K, reserved 1048576K
}
Event: 12.829 GC heap before
{Heap before GC invocations=17 (full 0):
 garbage-first heap   total 90112K, used 77670K [0x0000000702800000, 0x0000000800000000)
  region size 2048K, 18 young (36864K), 1 survivors (2048K)
 Metaspace       used 65928K, committed 66560K, reserved 1114112K
  class space    used 8730K, committed 9024K, reserved 1048576K
}
Event: 12.840 GC heap after
{Heap after GC invocations=18 (full 0):
 garbage-first heap   total 108544K, used 42876K [0x0000000702800000, 0x0000000800000000)
  region size 2048K, 1 young (2048K), 1 survivors (2048K)
 Metaspace       used 65928K, committed 66560K, reserved 1114112K
  class space    used 8730K, committed 9024K, reserved 1048576K
}
Event: 13.360 GC heap before
{Heap before GC invocations=18 (full 0):
 garbage-first heap   total 108544K, used 98172K [0x0000000702800000, 0x0000000800000000)
  region size 2048K, 28 young (57344K), 1 survivors (2048K)
 Metaspace       used 66329K, committed 66944K, reserved 1114112K
  class space    used 8759K, committed 9024K, reserved 1048576K
}
Event: 13.364 GC heap after
{Heap after GC invocations=19 (full 0):
 garbage-first heap   total 108544K, used 43387K [0x0000000702800000, 0x0000000800000000)
  region size 2048K, 2 young (4096K), 2 survivors (4096K)
 Metaspace       used 66329K, committed 66944K, reserved 1114112K
  class space    used 8759K, committed 9024K, reserved 1048576K
}
Event: 13.770 GC heap before
{Heap before GC invocations=19 (full 0):
 garbage-first heap   total 108544K, used 94587K [0x0000000702800000, 0x0000000800000000)
  region size 2048K, 27 young (55296K), 2 survivors (4096K)
 Metaspace       used 66704K, committed 67328K, reserved 1114112K
  class space    used 8788K, committed 9088K, reserved 1048576K
}
Event: 13.774 GC heap after
{Heap after GC invocations=20 (full 0):
 garbage-first heap   total 108544K, used 44120K [0x0000000702800000, 0x0000000800000000)
  region size 2048K, 2 young (4096K), 2 survivors (4096K)
 Metaspace       used 66704K, committed 67328K, reserved 1114112K
  class space    used 8788K, committed 9088K, reserved 1048576K
}
Event: 17.320 GC heap before
{Heap before GC invocations=20 (full 0):
 garbage-first heap   total 108544K, used 95320K [0x0000000702800000, 0x0000000800000000)
  region size 2048K, 27 young (55296K), 2 survivors (4096K)
 Metaspace       used 70498K, committed 71104K, reserved 1114112K
  class space    used 9323K, committed 9600K, reserved 1048576K
}
Event: 17.331 GC heap after
{Heap after GC invocations=21 (full 0):
 garbage-first heap   total 108544K, used 50546K [0x0000000702800000, 0x0000000800000000)
  region size 2048K, 4 young (8192K), 4 survivors (8192K)
 Metaspace       used 70498K, committed 71104K, reserved 1114112K
  class space    used 9323K, committed 9600K, reserved 1048576K
}
Event: 18.456 GC heap before
{Heap before GC invocations=22 (full 0):
 garbage-first heap   total 108544K, used 89458K [0x0000000702800000, 0x0000000800000000)
  region size 2048K, 24 young (49152K), 4 survivors (8192K)
 Metaspace       used 74937K, committed 75584K, reserved 1179648K
  class space    used 10021K, committed 10304K, reserved 1048576K
}
Event: 18.473 GC heap after
{Heap after GC invocations=23 (full 0):
 garbage-first heap   total 108544K, used 54769K [0x0000000702800000, 0x0000000800000000)
  region size 2048K, 2 young (4096K), 2 survivors (4096K)
 Metaspace       used 74937K, committed 75584K, reserved 1179648K
  class space    used 10021K, committed 10304K, reserved 1048576K
}
Event: 19.162 GC heap before
{Heap before GC invocations=23 (full 0):
 garbage-first heap   total 108544K, used 93681K [0x0000000702800000, 0x0000000800000000)
  region size 2048K, 22 young (45056K), 2 survivors (4096K)
 Metaspace       used 78331K, committed 79040K, reserved 1179648K
  class space    used 10619K, committed 10944K, reserved 1048576K
}
Event: 19.173 GC heap after
{Heap after GC invocations=24 (full 0):
 garbage-first heap   total 108544K, used 56495K [0x0000000702800000, 0x0000000800000000)
  region size 2048K, 3 young (6144K), 3 survivors (6144K)
 Metaspace       used 78331K, committed 79040K, reserved 1179648K
  class space    used 10619K, committed 10944K, reserved 1048576K
}
Event: 19.766 GC heap before
{Heap before GC invocations=24 (full 0):
 garbage-first heap   total 108544K, used 91311K [0x0000000702800000, 0x0000000800000000)
  region size 2048K, 21 young (43008K), 3 survivors (6144K)
 Metaspace       used 80352K, committed 81088K, reserved 1179648K
  class space    used 10879K, committed 11200K, reserved 1048576K
}
Event: 19.775 GC heap after
{Heap after GC invocations=25 (full 0):
 garbage-first heap   total 108544K, used 59798K [0x0000000702800000, 0x0000000800000000)
  region size 2048K, 3 young (6144K), 3 survivors (6144K)
 Metaspace       used 80352K, committed 81088K, reserved 1179648K
  class space    used 10879K, committed 11200K, reserved 1048576K
}
Event: 20.144 GC heap before
{Heap before GC invocations=26 (full 0):
 garbage-first heap   total 120832K, used 92566K [0x0000000702800000, 0x0000000800000000)
  region size 2048K, 19 young (38912K), 3 survivors (6144K)
 Metaspace       used 80640K, committed 81408K, reserved 1179648K
  class space    used 10905K, committed 11264K, reserved 1048576K
}
Event: 20.154 GC heap after
{Heap after GC invocations=27 (full 0):
 garbage-first heap   total 120832K, used 61031K [0x0000000702800000, 0x0000000800000000)
  region size 2048K, 3 young (6144K), 3 survivors (6144K)
 Metaspace       used 80640K, committed 81408K, reserved 1179648K
  class space    used 10905K, committed 11264K, reserved 1048576K
}
Event: 20.746 GC heap before
{Heap before GC invocations=27 (full 0):
 garbage-first heap   total 120832K, used 104039K [0x0000000702800000, 0x0000000800000000)
  region size 2048K, 24 young (49152K), 3 survivors (6144K)
 Metaspace       used 80991K, committed 81728K, reserved 1179648K
  class space    used 10936K, committed 11264K, reserved 1048576K
}

